---------------------------------------------------------------------------------------------------------------------------------
      name:  <unnamed>
       log:  \\files\users\asisante\Desktop\nonMICE_IJWF_Analysis.log
  log type:  text
 opened on:  16 Sep 2018, 17:03:34

. do "C:\Users\asisante\AppData\Local\Temp\4\STD00000000.tmp"

. *Defensible Space
. *(1)
. probit defsp fire_risk efficacy hhvl own_yrs agehome house_attr land_attr private lot risk_tolerance income own_more

Iteration 0:   log likelihood = -275.34122  
Iteration 1:   log likelihood =  -250.9832  
Iteration 2:   log likelihood = -250.90269  
Iteration 3:   log likelihood = -250.90268  

Probit regression                               Number of obs     =        421
                                                LR chi2(12)       =      48.88
                                                Prob > chi2       =     0.0000
Log likelihood = -250.90268                     Pseudo R2         =     0.0888

--------------------------------------------------------------------------------
         defsp |      Coef.   Std. Err.      z    P>|z|     [95% Conf. Interval]
---------------+----------------------------------------------------------------
     fire_risk |  -.5237634   .2801356    -1.87   0.062    -1.072819    .0252922
      efficacy |   .4005785   .2608885     1.54   0.125    -.1107536    .9119106
          hhvl |   -.072861   .0537707    -1.36   0.175    -.1782497    .0325276
       own_yrs |  -.0033239   .0075292    -0.44   0.659    -.0180809    .0114331
       agehome |  -.0349106   .0086306    -4.04   0.000    -.0518263   -.0179948
    house_attr |   .0056509   .0059675     0.95   0.344    -.0060452    .0173469
     land_attr |  -.0057693   .0061018    -0.95   0.344    -.0177286    .0061901
       private |  -.0081916   .0037648    -2.18   0.030    -.0155705   -.0008127
           lot |  -.0037677   .0046204    -0.82   0.415    -.0128235    .0052882
risk_tolerance |   3.320629   1.898189     1.75   0.080    -.3997537    7.041011
        income |  -8.51e-07   1.11e-06    -0.77   0.441    -3.02e-06    1.32e-06
      own_more |  -.1406816    .142623    -0.99   0.324    -.4202175    .1388543
         _cons |    .925039   .7885365     1.17   0.241    -.6204641    2.470542
--------------------------------------------------------------------------------

. mfx

Marginal effects after probit
      y  = Pr(defsp) (predict)
         =  .34722296
------------------------------------------------------------------------------
variable |      dy/dx    Std. Err.     z    P>|z|  [    95% C.I.   ]      X
---------+--------------------------------------------------------------------
fire_r~k |  -.1934355      .10341   -1.87   0.061  -.396108  .009237   .347981
efficacy |   .1479411      .09632    1.54   0.125  -.040846  .336729   .490301
    hhvl |  -.0269089      .01985   -1.36   0.175  -.065811  .011993   11.2298
 own_yrs |  -.0012276      .00278   -0.44   0.659  -.006677  .004222   15.3397
 agehome |  -.0128931      .00318   -4.05   0.000  -.019135 -.006652   22.2779
house_~r |    .002087       .0022    0.95   0.343  -.002229  .006403   30.4632
land_a~r |  -.0021307      .00225   -0.95   0.344  -.006545  .002284   31.1164
 private |  -.0030253      .00139   -2.18   0.029  -.005745 -.000306   30.8789
     lot |  -.0013915      .00171   -0.82   0.415  -.004736  .001953   5.23376
risk_t~e |    1.22637      .70086    1.75   0.080  -.147286  2.60003   .223743
  income |  -3.14e-07      .00000   -0.77   0.441  -1.1e-06  4.9e-07    105177
own_more*|  -.0516755      .05206   -0.99   0.321   -.15371  .050359   .415677
------------------------------------------------------------------------------
(*) dy/dx is for discrete change of dummy variable from 0 to 1

. *(2)
. probit defsp fire_risk efficacy hhvl own_yrs agehome house_attr land_attr private lot risk_tolerance income own_more brush grs 
> pj road_more24 res rx

Iteration 0:   log likelihood = -275.34122  
Iteration 1:   log likelihood = -238.07185  
Iteration 2:   log likelihood = -237.45015  
Iteration 3:   log likelihood = -237.44721  
Iteration 4:   log likelihood = -237.44721  

Probit regression                               Number of obs     =        421
                                                LR chi2(18)       =      75.79
                                                Prob > chi2       =     0.0000
Log likelihood = -237.44721                     Pseudo R2         =     0.1376

--------------------------------------------------------------------------------
         defsp |      Coef.   Std. Err.      z    P>|z|     [95% Conf. Interval]
---------------+----------------------------------------------------------------
     fire_risk |  -.6724857   .2933466    -2.29   0.022    -1.247435   -.0975369
      efficacy |   .1288544   .2746582     0.47   0.639    -.4094658    .6671746
          hhvl |   .0000758   .0653183     0.00   0.999    -.1279457    .1280972
       own_yrs |  -.0020991   .0077089    -0.27   0.785    -.0172082      .01301
       agehome |  -.0315497   .0088784    -3.55   0.000    -.0489509   -.0141484
    house_attr |   .0048735   .0066096     0.74   0.461     -.008081     .017828
     land_attr |  -.0035846   .0067918    -0.53   0.598    -.0168962     .009727
       private |  -.0096472   .0039963    -2.41   0.016    -.0174799   -.0018146
           lot |  -.0068591   .0060094    -1.14   0.254    -.0186373    .0049191
risk_tolerance |   3.811319   1.974646     1.93   0.054    -.0589162    7.681554
        income |   7.98e-07   1.20e-06     0.67   0.505    -1.55e-06    3.14e-06
      own_more |  -.0753104    .148346    -0.51   0.612    -.3660632    .2154423
         brush |   .8555109   .2545275     3.36   0.001     .3566461    1.354376
           grs |   .8929374   .3732444     2.39   0.017     .1613918    1.624483
            pj |   1.036284   .3151222     3.29   0.001     .4186559    1.653912
   road_more24 |   .0244267   .2257832     0.11   0.914    -.4181002    .4669537
           res |   .0041791   .0111384     0.38   0.708    -.0176517    .0260098
            rx |  -.0018823   .0020179    -0.93   0.351    -.0058373    .0020727
         _cons |  -.8396407   1.021879    -0.82   0.411    -2.842487    1.163206
--------------------------------------------------------------------------------

. mfx

Marginal effects after probit
      y  = Pr(defsp) (predict)
         =  .33137343
------------------------------------------------------------------------------
variable |      dy/dx    Std. Err.     z    P>|z|  [    95% C.I.   ]      X
---------+--------------------------------------------------------------------
fire_r~k |  -.2439444      .10642   -2.29   0.022   -.45253 -.035358   .347981
efficacy |    .046742      .09963    0.47   0.639  -.148523  .242007   .490301
    hhvl |   .0000275      .02369    0.00   0.999  -.046412  .046467   11.2298
 own_yrs |  -.0007615       .0028   -0.27   0.785  -.006243   .00472   15.3397
 agehome |  -.0114447      .00322   -3.55   0.000  -.017756 -.005133   22.2779
house_~r |   .0017679       .0024    0.74   0.461  -.002929  .006465   30.4632
land_a~r |  -.0013003      .00246   -0.53   0.598  -.006127  .003527   31.1164
 private |  -.0034995      .00145   -2.42   0.015  -.006332 -.000667   30.8789
     lot |  -.0024881      .00218   -1.14   0.253  -.006757  .001781   5.23376
risk_t~e |   1.382557      .71624    1.93   0.054  -.021244  2.78636   .223743
  income |   2.89e-07      .00000    0.67   0.505  -5.6e-07  1.1e-06    105177
own_more*|  -.0272376      .05349   -0.51   0.611  -.132068  .077593   .415677
   brush*|   .2982712      .08294    3.60   0.000    .13572  .460822   .541568
     grs*|   .3445032      .13671    2.52   0.012   .076552  .612455   .054632
      pj*|   .3941702      .11288    3.49   0.000   .172921   .61542   .166271
road_~24*|   .0088309      .08135    0.11   0.914  -.150616  .168278   .812352
     res |    .001516      .00404    0.38   0.707  -.006402  .009434   9.15439
      rx |  -.0006828      .00073   -0.94   0.349  -.002112  .000746   22.5321
------------------------------------------------------------------------------
(*) dy/dx is for discrete change of dummy variable from 0 to 1

. *(3)
. probit defsp fire_risk efficacy hhvl own_yrs agehome house_attr land_attr private lot risk_tolerance income own_more brush grs 
> pj road_more24 res rx fuel aspect slope elevdiff lghtn wind

Iteration 0:   log likelihood = -275.34122  
Iteration 1:   log likelihood = -227.75234  
Iteration 2:   log likelihood = -226.64141  
Iteration 3:   log likelihood = -226.64006  
Iteration 4:   log likelihood = -226.64006  

Probit regression                               Number of obs     =        421
                                                LR chi2(24)       =      97.40
                                                Prob > chi2       =     0.0000
Log likelihood = -226.64006                     Pseudo R2         =     0.1769

--------------------------------------------------------------------------------
         defsp |      Coef.   Std. Err.      z    P>|z|     [95% Conf. Interval]
---------------+----------------------------------------------------------------
     fire_risk |   -.650989   .3012234    -2.16   0.031    -1.241376    -.060602
      efficacy |   .1959219   .2846337     0.69   0.491    -.3619498    .7537936
          hhvl |   .0577458   .0686932     0.84   0.401    -.0768904     .192382
       own_yrs |  -.0010687   .0078478    -0.14   0.892    -.0164501    .0143127
       agehome |  -.0324141   .0091521    -3.54   0.000    -.0503519   -.0144763
    house_attr |   .0046752    .006824     0.69   0.493    -.0086997      .01805
     land_attr |  -.0033268   .0069694    -0.48   0.633    -.0169865    .0103329
       private |  -.0092592   .0041341    -2.24   0.025     -.017362   -.0011565
           lot |  -.0062936   .0054527    -1.15   0.248    -.0169806    .0043934
risk_tolerance |   4.099811   2.026351     2.02   0.043     .1282365    8.071386
        income |   1.50e-06   1.24e-06     1.21   0.227    -9.35e-07    3.94e-06
      own_more |  -.1499312   .1549876    -0.97   0.333    -.4537013    .1538388
         brush |   .6800813    .283629     2.40   0.016     .1241786    1.235984
           grs |    .266333   .4994274     0.53   0.594    -.7125267    1.245193
            pj |    .981407   .3427021     2.86   0.004     .3097232    1.653091
   road_more24 |   .1074236   .2275735     0.47   0.637    -.3386124    .5534595
           res |  -.0079207   .0121595    -0.65   0.515     -.031753    .0159115
            rx |  -.0013097   .0021896    -0.60   0.550    -.0056011    .0029818
          fuel |   -.234155   .1456837    -1.61   0.108    -.5196898    .0513798
        aspect |  -.1010925   .1772151    -0.57   0.568    -.4484277    .2462426
         slope |    .017962   .0144982     1.24   0.215     -.010454     .046378
      elevdiff |  -.0017109   .0005659    -3.02   0.003    -.0028201   -.0006017
         lghtn |   .0002358   .0001899     1.24   0.214    -.0001363     .000608
          wind |   .0220299   .0126668     1.74   0.082    -.0027965    .0468563
         _cons |  -1.668064   1.308481    -1.27   0.202    -4.232639    .8965117
--------------------------------------------------------------------------------

. mfx

Marginal effects after probit
      y  = Pr(defsp) (predict)
         =  .32270753
------------------------------------------------------------------------------
variable |      dy/dx    Std. Err.     z    P>|z|  [    95% C.I.   ]      X
---------+--------------------------------------------------------------------
fire_r~k |  -.2336185      .10814   -2.16   0.031  -.445564 -.021673   .347981
efficacy |   .0703099       .1021    0.69   0.491  -.129809  .270428   .490301
    hhvl |   .0207231      .02465    0.84   0.400  -.027586  .069032   11.2298
 own_yrs |  -.0003835      .00282   -0.14   0.892  -.005904  .005137   15.3397
 agehome |  -.0116324      .00328   -3.55   0.000  -.018058 -.005206   22.2779
house_~r |   .0016778      .00245    0.69   0.493  -.003119  .006474   30.4632
land_a~r |  -.0011939       .0025   -0.48   0.633  -.006094  .003706   31.1164
 private |  -.0033228      .00148   -2.25   0.025   -.00622 -.000425   30.8789
     lot |  -.0022586      .00196   -1.15   0.249  -.006095  .001577   5.23376
risk_t~e |   1.471287       .7268    2.02   0.043   .046784  2.89579   .223743
  income |   5.39e-07      .00000    1.21   0.227  -3.4e-07  1.4e-06    105177
own_more*|  -.0534501      .05485   -0.97   0.330  -.160963  .054063   .415677
   brush*|   .2373179      .09436    2.51   0.012   .052366   .42227   .541568
     grs*|   .0999711      .19402    0.52   0.606   -.28031  .480252   .054632
      pj*|   .3733237      .12538    2.98   0.003   .127575  .619073   .166271
road_~24*|    .037925      .07895    0.48   0.631  -.116805  .192655   .812352
     res |  -.0028425      .00436   -0.65   0.515  -.011395   .00571   9.15439
      rx |    -.00047      .00078   -0.60   0.549  -.002007  .001067   22.5321
    fuel |  -.0840305       .0522   -1.61   0.107  -.186344  .018283   3.52835
  aspect*|  -.0357345      .06169   -0.58   0.562  -.156636  .085167   .192399
   slope |    .006446      .00521    1.24   0.216  -.003758   .01665   6.57112
elevdiff |   -.000614       .0002   -3.02   0.002  -.001012 -.000216   8.30324
   lghtn |   .0000846      .00007    1.24   0.215  -.000049  .000218   958.432
    wind |   .0079058      .00452    1.75   0.080  -.000947  .016759   30.8599
------------------------------------------------------------------------------
(*) dy/dx is for discrete change of dummy variable from 0 to 1

. *(4)
. probit defsp fire_risk efficacy hhvl own_yrs agehome house_attr land_attr private lot risk_tolerance income own_more brush grs 
> pj zoning time unhealthy

Iteration 0:   log likelihood = -272.97768  
Iteration 1:   log likelihood = -232.48358  
Iteration 2:   log likelihood = -231.94288  
Iteration 3:   log likelihood = -231.94128  
Iteration 4:   log likelihood = -231.94128  

Probit regression                               Number of obs     =        417
                                                LR chi2(18)       =      82.07
                                                Prob > chi2       =     0.0000
Log likelihood = -231.94128                     Pseudo R2         =     0.1503

--------------------------------------------------------------------------------
         defsp |      Coef.   Std. Err.      z    P>|z|     [95% Conf. Interval]
---------------+----------------------------------------------------------------
     fire_risk |  -.7201731   .2933249    -2.46   0.014    -1.295079    -.145267
      efficacy |   .1808855   .2789038     0.65   0.517    -.3657559    .7275269
          hhvl |   .0265817   .0582924     0.46   0.648    -.0876692    .1408327
       own_yrs |  -.0024915   .0077712    -0.32   0.749    -.0177228    .0127398
       agehome |  -.0319866   .0090231    -3.54   0.000    -.0496715   -.0143016
    house_attr |   .0061599   .0065978     0.93   0.350    -.0067716    .0190913
     land_attr |  -.0046529   .0067787    -0.69   0.492    -.0179389     .008633
       private |  -.0099183   .0039905    -2.49   0.013    -.0177395   -.0020971
           lot |  -.0073913   .0056421    -1.31   0.190    -.0184497     .003667
risk_tolerance |   4.041463   1.983298     2.04   0.042     .1542696    7.928657
        income |   1.14e-06   1.22e-06     0.94   0.348    -1.25e-06    3.53e-06
      own_more |  -.0418916   .1490939    -0.28   0.779    -.3341102     .250327
         brush |   1.035118   .2258428     4.58   0.000     .5924745    1.477762
           grs |   .9849254   .3367134     2.93   0.003     .3249792    1.644872
            pj |   1.139301   .2599562     4.38   0.000     .6297965    1.648806
        zoning |  -.2164505   .2052992    -1.05   0.292    -.6188295    .1859286
          time |   .0847336    .165352     0.51   0.608    -.2393504    .4088177
     unhealthy |   .4676859   .2293718     2.04   0.041     .0181254    .9172464
         _cons |  -1.362507   .9197039    -1.48   0.138    -3.165094    .4400793
--------------------------------------------------------------------------------

. mfx

Marginal effects after probit
      y  = Pr(defsp) (predict)
         =  .33073905
------------------------------------------------------------------------------
variable |      dy/dx    Std. Err.     z    P>|z|  [    95% C.I.   ]      X
---------+--------------------------------------------------------------------
fire_r~k |  -.2610434      .10633   -2.46   0.014  -.469445 -.052642   .346673
efficacy |   .0655661      .10108    0.65   0.517  -.132545  .263678   .490707
    hhvl |   .0096352      .02113    0.46   0.648   -.03177   .05104   11.2252
 own_yrs |  -.0009031      .00282   -0.32   0.749  -.006424  .004618   15.3981
 agehome |  -.0115943      .00327   -3.55   0.000     -.018 -.005189   22.2734
house_~r |   .0022328      .00239    0.93   0.350   -.00245  .006915   30.6355
land_a~r |  -.0016866      .00246   -0.69   0.492  -.006499  .003126    31.295
 private |  -.0035951      .00144   -2.50   0.013  -.006419 -.000771   31.0552
     lot |  -.0026792      .00204   -1.31   0.190  -.006682  .001324   5.27799
risk_t~e |   1.464922      .71853    2.04   0.041   .056621  2.87322   .223813
  income |   4.14e-07      .00000    0.94   0.348  -4.5e-07  1.3e-06    105323
own_more*|  -.0151606      .05387   -0.28   0.778  -.120748  .090427   .417266
   brush*|   .3559161      .06983    5.10   0.000   .219054  .492778   .539568
     grs*|   .3776077      .11897    3.17   0.002   .144421  .610794   .055156
      pj*|   .4304025      .08981    4.79   0.000   .254379  .606426   .167866
  zoning*|  -.0756406       .0687   -1.10   0.271  -.210286  .059005   .158273
    time*|   .0310042      .06105    0.51   0.612  -.088661  .150669   .232614
unheal~y*|   .1793546      .09045    1.98   0.047   .002069   .35664   .095923
------------------------------------------------------------------------------
(*) dy/dx is for discrete change of dummy variable from 0 to 1

. *(5)
. probit defsp fire_risk efficacy hhvl own_yrs agehome house_attr land_attr private lot risk_tolerance income own_more brush grs 
> pj road_more24 res rx fuel aspect slope elevdiff lghtn wind zoning time unhealthy

Iteration 0:   log likelihood = -272.97768  
Iteration 1:   log likelihood = -223.09787  
Iteration 2:   log likelihood =  -221.8353  
Iteration 3:   log likelihood = -221.83409  
Iteration 4:   log likelihood = -221.83409  

Probit regression                               Number of obs     =        417
                                                LR chi2(27)       =     102.29
                                                Prob > chi2       =     0.0000
Log likelihood = -221.83409                     Pseudo R2         =     0.1874

--------------------------------------------------------------------------------
         defsp |      Coef.   Std. Err.      z    P>|z|     [95% Conf. Interval]
---------------+----------------------------------------------------------------
     fire_risk |  -.6915377   .3052333    -2.27   0.023    -1.289784   -.0932914
      efficacy |   .2590862    .289589     0.89   0.371    -.3084979    .8266703
          hhvl |    .062294   .0689714     0.90   0.366    -.0728874    .1974754
       own_yrs |  -.0014724   .0079293    -0.19   0.853    -.0170135    .0140687
       agehome |  -.0326211   .0093006    -3.51   0.000      -.05085   -.0143922
    house_attr |   .0054492   .0069009     0.79   0.430    -.0080763    .0189748
     land_attr |  -.0043131   .0070606    -0.61   0.541    -.0181517    .0095254
       private |  -.0095682   .0041686    -2.30   0.022    -.0177386   -.0013978
           lot |  -.0064697   .0056592    -1.14   0.253    -.0175616    .0046222
risk_tolerance |   4.453335   2.043812     2.18   0.029     .4475371    8.459133
        income |   1.83e-06   1.28e-06     1.43   0.152    -6.76e-07    4.34e-06
      own_more |  -.1233455   .1568359    -0.79   0.432    -.4307383    .1840472
         brush |    .774228   .2909954     2.66   0.008     .2038876    1.344568
           grs |   .3679797   .5099393     0.72   0.471     -.631483    1.367442
            pj |   1.041452   .3473376     3.00   0.003     .3606826    1.722221
   road_more24 |   .1046742   .2320181     0.45   0.652    -.3500729    .5594212
           res |  -.0064134   .0122582    -0.52   0.601     -.030439    .0176122
            rx |  -.0010422   .0022158    -0.47   0.638     -.005385    .0033006
          fuel |  -.2220404   .1486935    -1.49   0.135    -.5134743    .0693935
        aspect |   -.115789   .1781346    -0.65   0.516    -.4649265    .2333484
         slope |    .019014   .0145709     1.30   0.192    -.0095444    .0475723
      elevdiff |  -.0016235   .0005735    -2.83   0.005    -.0027474   -.0004995
         lghtn |   .0001988   .0001921     1.03   0.301    -.0001778    .0005753
          wind |   .0225946   .0127841     1.77   0.077    -.0024618     .047651
        zoning |  -.1903159   .2132201    -0.89   0.372    -.6082197    .2275879
          time |   .1301787   .1723699     0.76   0.450    -.2076601    .4680174
     unhealthy |   .4139884   .2351639     1.76   0.078    -.0469244    .8749012
         _cons |  -1.992108   1.326934    -1.50   0.133     -4.59285    .6086338
--------------------------------------------------------------------------------

. mfx

Marginal effects after probit
      y  = Pr(defsp) (predict)
         =  .32042473
------------------------------------------------------------------------------
variable |      dy/dx    Std. Err.     z    P>|z|  [    95% C.I.   ]      X
---------+--------------------------------------------------------------------
fire_r~k |  -.2474387      .10927   -2.26   0.024  -.461611 -.033266   .346673
efficacy |   .0927035      .10354    0.90   0.371  -.110234  .295641   .490707
    hhvl |   .0222894      .02467    0.90   0.366   -.02607  .070649   11.2252
 own_yrs |  -.0005268      .00284   -0.19   0.853  -.006088  .005034   15.3981
 agehome |  -.0116721      .00332   -3.51   0.000  -.018186 -.005158   22.2734
house_~r |   .0019498      .00247    0.79   0.429  -.002885  .006785   30.6355
land_a~r |  -.0015433      .00252   -0.61   0.541  -.006492  .003405    31.295
 private |  -.0034236      .00149   -2.30   0.021  -.006336 -.000511   31.0552
     lot |  -.0023149      .00203   -1.14   0.253  -.006284  .001654   5.27799
risk_t~e |   1.593445      .73052    2.18   0.029   .161644  3.02525   .223813
  income |   6.56e-07      .00000    1.43   0.152  -2.4e-07  1.6e-06    105323
own_more*|  -.0439008      .05551   -0.79   0.429   -.15269  .064888   .417266
   brush*|    .267914      .09495    2.82   0.005    .08182  .454008   .539568
     grs*|   .1395085      .20077    0.69   0.487  -.253997  .533014   .055156
      pj*|   .3948122      .12513    3.16   0.002   .149566  .640058   .167866
road_~24*|   .0368576       .0803    0.46   0.646  -.120534  .194249   .810552
     res |  -.0022948      .00439   -0.52   0.601  -.010891  .006302   9.09832
      rx |  -.0003729      .00079   -0.47   0.638  -.001924  .001178   22.6882
    fuel |  -.0794481      .05316   -1.49   0.135  -.183634  .024738   3.52862
  aspect*|  -.0407092      .06151   -0.66   0.508  -.161273  .079855   .194245
   slope |   .0068034      .00522    1.30   0.192   -.00342  .017027   6.59393
elevdiff |  -.0005809      .00021   -2.83   0.005  -.000983 -.000179     8.662
   lghtn |   .0000711      .00007    1.03   0.302  -.000064  .000206   960.144
    wind |   .0080846      .00454    1.78   0.075  -.000817  .016987   30.8681
  zoning*|  -.0658509      .07094   -0.93   0.353  -.204894  .073193   .158273
    time*|   .0472858      .06352    0.74   0.457  -.077209  .171781   .232614
unheal~y*|   .1569058      .09227    1.70   0.089  -.023936  .337748   .095923
------------------------------------------------------------------------------
(*) dy/dx is for discrete change of dummy variable from 0 to 1

. 
. *Individual Fire Safe Investments
. probit fsi fire_risk efficacy hhvl own_yrs agehome house_attr land_attr private lot risk_tolerance income own_more brush grs pj
>  road_more24 res rx fuel aspect slope elevdiff lghtn wind zoning time unhealthy

Iteration 0:   log likelihood = -208.11209  
Iteration 1:   log likelihood = -179.28027  
Iteration 2:   log likelihood = -178.47027  
Iteration 3:   log likelihood = -178.46696  
Iteration 4:   log likelihood = -178.46696  

Probit regression                               Number of obs     =        417
                                                LR chi2(27)       =      59.29
                                                Prob > chi2       =     0.0003
Log likelihood = -178.46696                     Pseudo R2         =     0.1424

--------------------------------------------------------------------------------
           fsi |      Coef.   Std. Err.      z    P>|z|     [95% Conf. Interval]
---------------+----------------------------------------------------------------
     fire_risk |   1.381185    .366408     3.77   0.000     .6630383    2.099331
      efficacy |   .2595774    .323827     0.80   0.423    -.3751118    .8942666
          hhvl |   .0935093   .0733203     1.28   0.202    -.0501957    .2372144
       own_yrs |  -.0024186   .0085441    -0.28   0.777    -.0191648    .0143276
       agehome |   .0094926   .0102064     0.93   0.352    -.0105115    .0294967
    house_attr |   .0018544   .0075804     0.24   0.807    -.0130028    .0167117
     land_attr |  -.0101778    .007596    -1.34   0.180    -.0250657    .0047101
       private |   .0024072   .0043763     0.55   0.582    -.0061702    .0109846
           lot |   .0061665   .0088077     0.70   0.484    -.0110962    .0234292
risk_tolerance |  -3.937562   2.223473    -1.77   0.077    -8.295489    .4203656
        income |  -9.84e-07   1.44e-06    -0.68   0.495    -3.81e-06    1.84e-06
      own_more |   .0098099   .1746182     0.06   0.955    -.3324355    .3520552
         brush |  -.4888693   .3430881    -1.42   0.154     -1.16131     .183571
           grs |  -.0542344   .5820899    -0.09   0.926     -1.19511    1.086641
            pj |  -.3269071    .410102    -0.80   0.425    -1.130692     .476878
   road_more24 |   .1694376   .2972004     0.57   0.569    -.4130645    .7519397
           res |   .0038749   .0136454     0.28   0.776    -.0228696    .0306193
            rx |  -.0029746    .002291    -1.30   0.194    -.0074649    .0015157
          fuel |   .2449637   .1802111     1.36   0.174    -.1082435    .5981709
        aspect |  -.1172115   .1955829    -0.60   0.549     -.500547     .266124
         slope |    .017156   .0175302     0.98   0.328    -.0172025    .0515146
      elevdiff |   .0005426   .0006385     0.85   0.395    -.0007088    .0017941
         lghtn |  -.0003892   .0002107    -1.85   0.065    -.0008021    .0000237
          wind |   .0297323   .0149551     1.99   0.047     .0004208    .0590438
        zoning |   .4164818   .2483787     1.68   0.094    -.0703315    .9032951
          time |  -.0772495   .1839886    -0.42   0.675    -.4378606    .2833616
     unhealthy |  -.2389437   .2518346    -0.95   0.343    -.7325304     .254643
         _cons |  -1.011822    1.45091    -0.70   0.486    -3.855552    1.831909
--------------------------------------------------------------------------------

. mfx

Marginal effects after probit
      y  = Pr(fsi) (predict)
         =   .8401214
------------------------------------------------------------------------------
variable |      dy/dx    Std. Err.     z    P>|z|  [    95% C.I.   ]      X
---------+--------------------------------------------------------------------
fire_r~k |   .3358917       .0876    3.83   0.000   .164202  .507581   .346673
efficacy |   .0631269      .07866    0.80   0.422   -.09104  .217294   .490707
    hhvl |   .0227406      .01783    1.28   0.202  -.012202  .057683   11.2252
 own_yrs |  -.0005882      .00208   -0.28   0.777  -.004662  .003486   15.3981
 agehome |   .0023085      .00248    0.93   0.351  -.002545  .007162   22.2734
house_~r |    .000451      .00184    0.24   0.807  -.003161  .004063   30.6355
land_a~r |  -.0024752      .00184   -1.34   0.179  -.006084  .001134    31.295
 private |   .0005854      .00106    0.55   0.582    -.0015  .002671   31.0552
     lot |   .0014996      .00214    0.70   0.483  -.002691   .00569   5.27799
risk_t~e |  -.9575795      .53872   -1.78   0.075  -2.01345  .098288   .223813
  income |  -2.39e-07      .00000   -0.68   0.495  -9.3e-07  4.5e-07    105323
own_more*|   .0023837       .0424    0.06   0.955  -.080713  .085481   .417266
   brush*|  -.1166267      .07981   -1.46   0.144   -.27306  .039807   .539568
     grs*|  -.0135057       .1483   -0.09   0.927  -.304164  .277152   .055156
      pj*|  -.0879652      .12041   -0.73   0.465  -.323969  .148039   .167866
road_~24*|   .0433545      .07983    0.54   0.587  -.113106  .199815   .810552
     res |   .0009423      .00332    0.28   0.776  -.005559  .007443   9.09832
      rx |  -.0007234      .00056   -1.30   0.194  -.001815  .000368   22.6882
    fuel |    .059573      .04384    1.36   0.174  -.026362  .145508   3.52862
  aspect*|  -.0295192      .05089   -0.58   0.562  -.129261  .070222   .194245
   slope |   .0041722      .00426    0.98   0.327  -.004172  .012517   6.59393
elevdiff |    .000132      .00015    0.85   0.394  -.000172  .000436     8.662
   lghtn |  -.0000947      .00005   -1.85   0.064  -.000195  5.7e-06   960.144
    wind |   .0072306      .00362    2.00   0.045   .000145  .014316   30.8681
  zoning*|   .0872059      .04356    2.00   0.045   .001826  .172586   .158273
    time*|  -.0191721      .04657   -0.41   0.681  -.110454  .072109   .232614
unheal~y*|  -.0636413      .07286   -0.87   0.382  -.206451  .079169   .095923
------------------------------------------------------------------------------
(*) dy/dx is for discrete change of dummy variable from 0 to 1

. probit money fire_risk efficacy hhvl own_yrs agehome house_attr land_attr private lot risk_tolerance income own_more brush grs 
> pj road_more24 res rx fuel aspect slope elevdiff lghtn wind zoning time unhealthy

Iteration 0:   log likelihood = -284.85447  
Iteration 1:   log likelihood = -262.02541  
Iteration 2:   log likelihood = -261.92407  
Iteration 3:   log likelihood = -261.92387  
Iteration 4:   log likelihood = -261.92387  

Probit regression                               Number of obs     =        417
                                                LR chi2(27)       =      45.86
                                                Prob > chi2       =     0.0132
Log likelihood = -261.92387                     Pseudo R2         =     0.0805

--------------------------------------------------------------------------------
         money |      Coef.   Std. Err.      z    P>|z|     [95% Conf. Interval]
---------------+----------------------------------------------------------------
     fire_risk |   .4259005   .2884814     1.48   0.140    -.1395127    .9913137
      efficacy |   .3731955   .2716449     1.37   0.169    -.1592187    .9056098
          hhvl |   .0546566   .0657538     0.83   0.406    -.0742184    .1835317
       own_yrs |    .007294   .0073468     0.99   0.321    -.0071056    .0216935
       agehome |  -.0009052    .008808    -0.10   0.918    -.0181687    .0163582
    house_attr |   .0022716   .0056112     0.40   0.686    -.0087263    .0132694
     land_attr |  -.0028926   .0057492    -0.50   0.615    -.0141609    .0083756
       private |   .0038031   .0036617     1.04   0.299    -.0033736    .0109799
           lot |   .0072872   .0066747     1.09   0.275     -.005795    .0203694
risk_tolerance |   .9169867   1.944796     0.47   0.637    -2.894743    4.728716
        income |  -4.54e-07   1.16e-06    -0.39   0.696    -2.73e-06    1.82e-06
      own_more |   .0174757   .1449807     0.12   0.904    -.2666814    .3016327
         brush |  -.4921919   .2570145    -1.92   0.055    -.9959311    .0115473
           grs |  -.7235767   .4983334    -1.45   0.147    -1.700292    .2531389
            pj |  -.1797902   .3150357    -0.57   0.568    -.7972488    .4376683
   road_more24 |   .1368608   .2400591     0.57   0.569    -.3336464     .607368
           res |  -.0074715   .0118276    -0.63   0.528    -.0306531    .0157102
            rx |   .0000851   .0016716     0.05   0.959    -.0031912    .0033615
          fuel |  -.1286095   .1421682    -0.90   0.366    -.4072541    .1500352
        aspect |  -.2324206   .1746309    -1.33   0.183    -.5746909    .1098497
         slope |   .0140076   .0135693     1.03   0.302    -.0125878    .0406029
      elevdiff |   .0005063   .0005125     0.99   0.323    -.0004982    .0015107
         lghtn |  -.0003185   .0001909    -1.67   0.095    -.0006926    .0000557
          wind |  -.0038145   .0111104    -0.34   0.731    -.0255906    .0179616
        zoning |   .4163312    .181757     2.29   0.022      .060094    .7725684
          time |   .1733611   .1584467     1.09   0.274    -.1371886    .4839109
     unhealthy |  -.1857283   .2327927    -0.80   0.425    -.6419935    .2705369
         _cons |  -.4965039    1.23624    -0.40   0.688     -2.91949    1.926482
--------------------------------------------------------------------------------

. mfx

Marginal effects after probit
      y  = Pr(money) (predict)
         =  .42553387
------------------------------------------------------------------------------
variable |      dy/dx    Std. Err.     z    P>|z|  [    95% C.I.   ]      X
---------+--------------------------------------------------------------------
fire_r~k |   .1669411      .11307    1.48   0.140  -.054663  .388545   .346673
efficacy |   .1462822      .10648    1.37   0.169  -.062406   .35497   .490707
    hhvl |   .0214239      .02577    0.83   0.406  -.029092   .07194   11.2252
 own_yrs |    .002859      .00288    0.99   0.321  -.002785  .008503   15.3981
 agehome |  -.0003548      .00345   -0.10   0.918  -.007122  .006412   22.2734
house_~r |   .0008904       .0022    0.40   0.686   -.00342  .005201   30.6355
land_a~r |  -.0011338      .00225   -0.50   0.615   -.00555  .003283    31.295
 private |   .0014907      .00144    1.04   0.299  -.001322  .004303   31.0552
     lot |   .0028564      .00262    1.09   0.275  -.002274  .007987   5.27799
risk_t~e |   .3594332      .76233    0.47   0.637  -1.13471  1.85358   .223813
  income |  -1.78e-07      .00000   -0.39   0.696  -1.1e-06  7.1e-07    105323
own_more*|   .0068517      .05686    0.12   0.904  -.104583  .118286   .417266
   brush*|  -.1917133      .09854   -1.95   0.052  -.384839  .001412   .539568
     grs*|  -.2494704      .13966   -1.79   0.074  -.523193  .024252   .055156
      pj*|   -.069475      .11966   -0.58   0.562     -.304   .16505   .167866
road_~24*|   .0531319      .09216    0.58   0.564  -.127506   .23377   .810552
     res |  -.0029286      .00464   -0.63   0.528  -.012016  .006159   9.09832
      rx |   .0000334      .00066    0.05   0.959  -.001251  .001318   22.6882
    fuel |  -.0504113      .05574   -0.90   0.366  -.159657  .058834   3.52862
  aspect*|  -.0894803      .06569   -1.36   0.173  -.218233  .039272   .194245
   slope |   .0054906      .00532    1.03   0.302  -.004937  .015918   6.59393
elevdiff |   .0001984       .0002    0.99   0.323  -.000195  .000592     8.662
   lghtn |  -.0001248      .00007   -1.67   0.095  -.000271  .000022   960.144
    wind |  -.0014952      .00436   -0.34   0.731  -.010031  .007041   30.8681
  zoning*|   .1647323      .07135    2.31   0.021   .024892  .304573   .158273
    time*|   .0683892      .06276    1.09   0.276  -.054619  .191397   .232614
unheal~y*|  -.0714842      .08759   -0.82   0.414  -.243151  .100182   .095923
------------------------------------------------------------------------------
(*) dy/dx is for discrete change of dummy variable from 0 to 1

. probit time2 fire_risk efficacy hhvl own_yrs agehome house_attr land_attr private lot risk_tolerance income own_more brush grs 
> pj road_more24 res rx fuel aspect slope elevdiff lghtn wind zoning time unhealthy

Iteration 0:   log likelihood = -222.54554  
Iteration 1:   log likelihood = -194.70161  
Iteration 2:   log likelihood = -193.97933  
Iteration 3:   log likelihood = -193.97676  
Iteration 4:   log likelihood = -193.97676  

Probit regression                               Number of obs     =        417
                                                LR chi2(27)       =      57.14
                                                Prob > chi2       =     0.0006
Log likelihood = -193.97676                     Pseudo R2         =     0.1284

--------------------------------------------------------------------------------
         time2 |      Coef.   Std. Err.      z    P>|z|     [95% Conf. Interval]
---------------+----------------------------------------------------------------
     fire_risk |     1.5058   .3562205     4.23   0.000     .8076206    2.203979
      efficacy |   .3827009    .314755     1.22   0.224    -.2342076    .9996093
          hhvl |   .0134006   .0718596     0.19   0.852    -.1274416    .1542428
       own_yrs |   -.004279   .0082029    -0.52   0.602    -.0203564    .0117985
       agehome |   .0067245   .0099082     0.68   0.497    -.0126951    .0261441
    house_attr |    .001125   .0071682     0.16   0.875    -.0129243    .0151744
     land_attr |  -.0084629   .0072153    -1.17   0.241    -.0226046    .0056787
       private |  -.0007544   .0041805    -0.18   0.857    -.0089481    .0074393
           lot |   .0083456   .0087126     0.96   0.338    -.0087307     .025422
risk_tolerance |  -3.741516   2.173576    -1.72   0.085    -8.001646    .5186149
        income |  -7.48e-07   1.38e-06    -0.54   0.588    -3.45e-06    1.95e-06
      own_more |  -.1035986   .1670374    -0.62   0.535    -.4309859    .2237887
         brush |  -.6404151   .3337739    -1.92   0.055      -1.2946    .0137697
           grs |  -.1541378   .5792891    -0.27   0.790    -1.289524    .9812478
            pj |  -.4331077    .388726    -1.11   0.265    -1.194997    .3287814
   road_more24 |   .3604535    .286451     1.26   0.208    -.2009802    .9218871
           res |   .0138465    .013328     1.04   0.299    -.0122758    .0399689
            rx |  -.0027558   .0022475    -1.23   0.220    -.0071608    .0016492
          fuel |   .2346747   .1735463     1.35   0.176    -.1054697    .5748192
        aspect |  -.0556806     .19244    -0.29   0.772    -.4328561    .3214949
         slope |  -.0040217   .0154765    -0.26   0.795    -.0343551    .0263116
      elevdiff |   .0006687   .0006012     1.11   0.266    -.0005097    .0018471
         lghtn |  -.0002933   .0002062    -1.42   0.155    -.0006973    .0001108
          wind |   .0350781   .0139142     2.52   0.012     .0078069    .0623494
        zoning |   .3198785   .2281753     1.40   0.161    -.1273369    .7670938
          time |  -.0043808   .1793561    -0.02   0.981    -.3559122    .3471506
     unhealthy |  -.2238108   .2452326    -0.91   0.361    -.7044578    .2568363
         _cons |   -.450079   1.421104    -0.32   0.751    -3.235391    2.335233
--------------------------------------------------------------------------------

. mfx

Marginal effects after probit
      y  = Pr(time2) (predict)
         =  .81048512
------------------------------------------------------------------------------
variable |      dy/dx    Std. Err.     z    P>|z|  [    95% C.I.   ]      X
---------+--------------------------------------------------------------------
fire_r~k |   .4079799      .09469    4.31   0.000    .22239   .59357   .346673
efficacy |   .1036886       .0852    1.22   0.224  -.063305  .270682   .490707
    hhvl |   .0036307      .01947    0.19   0.852  -.034534  .041795   11.2252
 own_yrs |  -.0011593      .00222   -0.52   0.602  -.005518  .003199   15.3981
 agehome |   .0018219      .00268    0.68   0.497  -.003433  .007077   22.2734
house_~r |   .0003048      .00194    0.16   0.875  -.003501  .004111   30.6355
land_a~r |  -.0022929      .00195   -1.17   0.240  -.006118  .001532    31.295
 private |  -.0002044      .00113   -0.18   0.857  -.002424  .002015   31.0552
     lot |   .0022612      .00235    0.96   0.337  -.002351  .006874   5.27799
risk_t~e |  -1.013722      .58737   -1.73   0.084  -2.16496  .137511   .223813
  income |  -2.03e-07      .00000   -0.54   0.588  -9.4e-07  5.3e-07    105323
own_more*|  -.0282772      .04591   -0.62   0.538  -.118259  .061704   .417266
   brush*|  -.1690913      .08474   -2.00   0.046  -.335174 -.003009   .539568
     grs*|  -.0442393       .1752   -0.25   0.801  -.387625  .299146   .055156
      pj*|  -.1313324      .12887   -1.02   0.308  -.383906  .121241   .167866
road_~24*|   .1068558      .09166    1.17   0.244  -.072804  .286515   .810552
     res |   .0037516       .0036    1.04   0.298   -.00331  .010813   9.09832
      rx |  -.0007466      .00061   -1.23   0.220  -.001941  .000447   22.6882
    fuel |   .0635825      .04708    1.35   0.177  -.028689  .155854   3.52862
  aspect*|   -.015311      .05368   -0.29   0.775  -.120517  .089895   .194245
   slope |  -.0010896      .00419   -0.26   0.795  -.009305  .007125   6.59393
elevdiff |   .0001812      .00016    1.12   0.264  -.000137  .000499     8.662
   lghtn |  -.0000795      .00006   -1.42   0.154  -.000189   .00003   960.144
    wind |    .009504      .00374    2.54   0.011   .002184  .016825   30.8681
  zoning*|   .0782448       .0496    1.58   0.115  -.018978  .175467   .158273
    time*|  -.0011881      .04869   -0.02   0.981  -.096626   .09425   .232614
unheal~y*|  -.0653409      .07662   -0.85   0.394  -.215519  .084837   .095923
------------------------------------------------------------------------------
(*) dy/dx is for discrete change of dummy variable from 0 to 1

. 
. probit hh_spend fire_risk efficacy hhvl own_yrs agehome house_attr land_attr private lot risk_tolerance income own_more brush g
> rs pj road_more24 res rx fuel aspect slope elevdiff lghtn wind zoning time unhealthy

Iteration 0:   log likelihood = -226.60638  
Iteration 1:   log likelihood =  -204.1711  
Iteration 2:   log likelihood = -203.96712  
Iteration 3:   log likelihood = -203.96691  
Iteration 4:   log likelihood = -203.96691  

Probit regression                               Number of obs     =        402
                                                LR chi2(27)       =      45.28
                                                Prob > chi2       =     0.0152
Log likelihood = -203.96691                     Pseudo R2         =     0.0999

--------------------------------------------------------------------------------
      hh_spend |      Coef.   Std. Err.      z    P>|z|     [95% Conf. Interval]
---------------+----------------------------------------------------------------
     fire_risk |   .5079362   .3148168     1.61   0.107    -.1090934    1.124966
      efficacy |   .0778962   .3005571     0.26   0.796    -.5111849    .6669772
          hhvl |   .0585163   .0785983     0.74   0.457    -.0955335    .2125661
       own_yrs |    .006914   .0084224     0.82   0.412    -.0095936    .0234216
       agehome |  -.0042198   .0100886    -0.42   0.676    -.0239931    .0155535
    house_attr |   .0030862   .0061545     0.50   0.616    -.0089765    .0151489
     land_attr |  -.0110252   .0063799    -1.73   0.084    -.0235297    .0014792
       private |    .006626    .004075     1.63   0.104    -.0013608    .0146129
           lot |   .0074182   .0065372     1.13   0.256    -.0053945    .0202309
risk_tolerance |   2.200289   2.097581     1.05   0.294    -1.910895    6.311473
        income |  -1.98e-06   1.28e-06    -1.54   0.123    -4.49e-06    5.35e-07
      own_more |  -.1997184   .1627588    -1.23   0.220    -.5187198    .1192831
         brush |   -.717896   .2837707    -2.53   0.011    -1.274076   -.1617156
           grs |  -.7294674   .5553316    -1.31   0.189    -1.817897    .3589625
            pj |  -.7829822   .3521162    -2.22   0.026    -1.473117   -.0928471
   road_more24 |  -.1326924   .2564846    -0.52   0.605     -.635393    .3700083
           res |  -.0104882   .0138712    -0.76   0.450    -.0376754    .0166989
            rx |  -.0002694   .0017989    -0.15   0.881    -.0037953    .0032564
          fuel |  -.1053543   .1573756    -0.67   0.503    -.4138049    .2030962
        aspect |  -.0228351   .1944935    -0.12   0.907    -.4040353    .3583651
         slope |   .0126052   .0145207     0.87   0.385    -.0158548    .0410653
      elevdiff |   .0008712   .0005584     1.56   0.119    -.0002233    .0019656
         lghtn |   -.000275   .0002314    -1.19   0.235    -.0007284    .0001785
          wind |   -.003497   .0122829    -0.28   0.776     -.027571    .0205771
        zoning |   .2526597   .1939834     1.30   0.193    -.1275408    .6328602
          time |  -.0680798   .1807116    -0.38   0.706     -.422268    .2861085
     unhealthy |  -.2603235   .2798066    -0.93   0.352    -.8087343    .2880874
         _cons |  -.3964786   1.411434    -0.28   0.779    -3.162838     2.36988
--------------------------------------------------------------------------------

. mfx

Marginal effects after probit
      y  = Pr(hh_spend) (predict)
         =   .2298002
------------------------------------------------------------------------------
variable |      dy/dx    Std. Err.     z    P>|z|  [    95% C.I.   ]      X
---------+--------------------------------------------------------------------
fire_r~k |   .1541588      .09539    1.62   0.106  -.032808  .341125   .344916
efficacy |   .0236415      .09124    0.26   0.796  -.155195  .202478   .492434
    hhvl |   .0177597      .02382    0.75   0.456  -.028928  .064448   11.2329
 own_yrs |   .0020984      .00255    0.82   0.411  -.002908  .007105     15.51
 agehome |  -.0012807      .00306   -0.42   0.676  -.007281   .00472   22.2139
house_~r |   .0009367      .00187    0.50   0.616  -.002726  .004599   30.5348
land_a~r |  -.0033462      .00193   -1.73   0.084  -.007136  .000444   31.1567
 private |    .002011      .00123    1.63   0.103  -.000407  .004429   30.7836
     lot |   .0022514      .00199    1.13   0.257  -.001645  .006148   5.22839
risk_t~e |   .6677885      .63657    1.05   0.294  -.579867  1.91544   .224159
  income |  -6.00e-07      .00000   -1.54   0.123  -1.4e-06  1.6e-07    104614
own_more*|  -.0598334      .04807   -1.24   0.213  -.154055  .034388    .41791
   brush*|  -.2195524       .0865   -2.54   0.011  -.389092 -.050013   .534826
     grs*|  -.1655989      .08541   -1.94   0.053  -.332999  .001802   .054726
      pj*|   -.189998      .06497   -2.92   0.003  -.317337 -.062659   .171642
road_~24*|   -.041469      .08234   -0.50   0.615  -.202846  .119908   .810945
     res |  -.0031832       .0042   -0.76   0.449  -.011421  .005055         9
      rx |  -.0000818      .00055   -0.15   0.881  -.001152  .000988   23.3134
    fuel |  -.0319751      .04776   -0.67   0.503  -.125582  .061632   3.54005
  aspect*|  -.0068948      .05842   -0.12   0.906  -.121393  .107603   .196517
   slope |   .0038257      .00441    0.87   0.386   -.00482  .012471   6.63139
elevdiff |   .0002644      .00017    1.56   0.119  -.000068  .000596   10.5961
   lghtn |  -.0000834      .00007   -1.19   0.234  -.000221  .000054   964.353
    wind |  -.0010613      .00373   -0.28   0.776  -.008368  .006246   30.8408
  zoning*|   .0812975      .06563    1.24   0.215  -.047334  .209929   .159204
    time*|  -.0203796      .05333   -0.38   0.702  -.124911  .084152   .231343
unheal~y*|  -.0725714      .07081   -1.02   0.305  -.211359  .066216    .09204
------------------------------------------------------------------------------
(*) dy/dx is for discrete change of dummy variable from 0 to 1

. probit hh_work fire_risk efficacy hhvl own_yrs agehome house_attr land_attr private lot risk_tolerance income own_more brush gr
> s pj road_more24 res rx fuel aspect slope elevdiff lghtn wind zoning time unhealthy

Iteration 0:   log likelihood = -264.10913  
Iteration 1:   log likelihood = -231.04922  
Iteration 2:   log likelihood = -230.65758  
Iteration 3:   log likelihood = -230.65629  
Iteration 4:   log likelihood = -230.65629  

Probit regression                               Number of obs     =        400
                                                LR chi2(27)       =      66.91
                                                Prob > chi2       =     0.0000
Log likelihood = -230.65629                     Pseudo R2         =     0.1267

--------------------------------------------------------------------------------
       hh_work |      Coef.   Std. Err.      z    P>|z|     [95% Conf. Interval]
---------------+----------------------------------------------------------------
     fire_risk |   1.142755   .3100477     3.69   0.000     .5350727    1.750437
      efficacy |   .3373241   .2881751     1.17   0.242    -.2274887     .902137
          hhvl |  -.0233449   .0699123    -0.33   0.738    -.1603706    .1136807
       own_yrs |  -.0021013   .0077862    -0.27   0.787    -.0173619    .0131593
       agehome |   .0148823   .0093539     1.59   0.112    -.0034511    .0332156
    house_attr |  -.0038256   .0061456    -0.62   0.534    -.0158707    .0082194
     land_attr |  -.0053406   .0062762    -0.85   0.395    -.0176416    .0069605
       private |   .0015171   .0039937     0.38   0.704    -.0063103    .0093446
           lot |    .011754   .0080653     1.46   0.145    -.0040537    .0275618
risk_tolerance |  -2.400499   2.047226    -1.17   0.241    -6.412988     1.61199
        income |  -1.30e-06   1.25e-06    -1.03   0.301    -3.75e-06    1.16e-06
      own_more |  -.3005497   .1539298    -1.95   0.051    -.6022465    .0011472
         brush |  -.4714906   .2878608    -1.64   0.101    -1.035687    .0927062
           grs |  -.4901428   .5266816    -0.93   0.352     -1.52242    .5421342
            pj |  -.4325896   .3437289    -1.26   0.208    -1.106286    .2411068
   road_more24 |   .4457096   .2610223     1.71   0.088    -.0658847     .957304
           res |  -.0045268   .0120692    -0.38   0.708     -.028182    .0191283
            rx |  -.0019246   .0019902    -0.97   0.334    -.0058252    .0019761
          fuel |     .14236    .155309     0.92   0.359    -.1620402    .4467601
        aspect |  -.0400342   .1775624    -0.23   0.822    -.3880502    .3079818
         slope |    .010243   .0145088     0.71   0.480    -.0181938    .0386798
      elevdiff |    .001329   .0005667     2.35   0.019     .0002183    .0024398
         lghtn |  -.0003334   .0001943    -1.72   0.086    -.0007142    .0000474
          wind |   .0353216   .0122299     2.89   0.004     .0113515    .0592918
        zoning |   .3048136    .198947     1.53   0.125    -.0851153    .6947425
          time |  -.3519491   .1672913    -2.10   0.035     -.679834   -.0240642
     unhealthy |  -.0121186   .2471648    -0.05   0.961    -.4965526    .4723154
         _cons |  -.4793354   1.333672    -0.36   0.719    -3.093285    2.134614
--------------------------------------------------------------------------------

. mfx

Marginal effects after probit
      y  = Pr(hh_work) (predict)
         =  .64744246
------------------------------------------------------------------------------
variable |      dy/dx    Std. Err.     z    P>|z|  [    95% C.I.   ]      X
---------+--------------------------------------------------------------------
fire_r~k |   .4243914      .11503    3.69   0.000   .198929  .649854   .345742
efficacy |    .125274        .107    1.17   0.242  -.084441  .334989   .490208
    hhvl |  -.0086697      .02596   -0.33   0.738  -.059557  .042218   11.2243
 own_yrs |  -.0007804      .00289   -0.27   0.787  -.006448  .004888   15.5075
 agehome |   .0055269      .00347    1.59   0.112  -.001283  .012337   22.2288
house_~r |  -.0014208      .00228   -0.62   0.534  -.005895  .003054    30.625
land_a~r |  -.0019834      .00233   -0.85   0.395   -.00655  .002583     31.25
 private |   .0005634      .00148    0.38   0.704  -.002344  .003471   30.9375
     lot |   .0043652      .00299    1.46   0.144   -.00149   .01022    5.1859
risk_t~e |  -.8914869      .76025   -1.17   0.241  -2.38155  .598578    .22376
  income |  -4.81e-07      .00000   -1.03   0.301  -1.4e-06  4.3e-07    104824
own_more*|  -.1122942      .05762   -1.95   0.051  -.225222  .000634      .415
   brush*|  -.1723979      .10254   -1.68   0.093  -.373377  .028581     .5425
     grs*|  -.1912125      .20839   -0.92   0.359  -.599653  .217228     .0525
      pj*|  -.1666654      .13475   -1.24   0.216  -.430768  .097437     .1675
road_~24*|   .1715504      .10214    1.68   0.093  -.028641  .371742     .8175
     res |  -.0016812      .00448   -0.38   0.708  -.010465  .007103     9.095
      rx |  -.0007147      .00074   -0.97   0.334  -.002165  .000735   23.2775
    fuel |    .052869      .05773    0.92   0.360  -.060279  .166017    3.5365
  aspect*|  -.0149352      .06653   -0.22   0.822  -.145331  .115461     .1925
   slope |    .003804      .00539    0.71   0.480  -.006757  .014365    6.5574
elevdiff |   .0004936      .00021    2.35   0.019   .000081  .000906   7.36569
   lghtn |  -.0001238      .00007   -1.72   0.086  -.000265  .000018   965.222
    wind |   .0131176      .00454    2.89   0.004   .004223  .022013   30.9475
  zoning*|   .1079821      .06656    1.62   0.105  -.022465  .238429     .1625
    time*|    -.13421      .06487   -2.07   0.039  -.261352 -.007068     .2325
unheal~y*|  -.0045089      .09213   -0.05   0.961  -.185088   .17607       .09
------------------------------------------------------------------------------
(*) dy/dx is for discrete change of dummy variable from 0 to 1

. probit iz_spend fire_risk efficacy hhvl own_yrs agehome house_attr land_attr private lot risk_tolerance income own_more brush g
> rs pj road_more24 res rx fuel aspect slope elevdiff lghtn wind zoning time unhealthy

Iteration 0:   log likelihood = -253.42323  
Iteration 1:   log likelihood = -229.64577  
Iteration 2:   log likelihood = -229.55817  
Iteration 3:   log likelihood = -229.55806  
Iteration 4:   log likelihood = -229.55806  

Probit regression                               Number of obs     =        396
                                                LR chi2(27)       =      47.73
                                                Prob > chi2       =     0.0082
Log likelihood = -229.55806                     Pseudo R2         =     0.0942

--------------------------------------------------------------------------------
      iz_spend |      Coef.   Std. Err.      z    P>|z|     [95% Conf. Interval]
---------------+----------------------------------------------------------------
     fire_risk |   .3966284   .3030722     1.31   0.191    -.1973821     .990639
      efficacy |    .162051   .2853407     0.57   0.570    -.3972064    .7213085
          hhvl |   .0567781    .070954     0.80   0.424    -.0822892    .1958455
       own_yrs |  -.0078783   .0078016    -1.01   0.313    -.0231692    .0074126
       agehome |   .0045264   .0092842     0.49   0.626    -.0136704    .0227231
    house_attr |   .0015836   .0060873     0.26   0.795    -.0103474    .0135145
     land_attr |   .0006214   .0062636     0.10   0.921    -.0116552    .0128979
       private |   .0033846   .0038792     0.87   0.383    -.0042184    .0109876
           lot |    .007472   .0065478     1.14   0.254    -.0053615    .0203055
risk_tolerance |   3.005991   2.025157     1.48   0.138     -.963244    6.975227
        income |  -7.43e-07   1.25e-06    -0.60   0.551    -3.18e-06    1.70e-06
      own_more |   .0373532   .1534196     0.24   0.808    -.2633436      .33805
         brush |   -.355412   .2633162    -1.35   0.177    -.8715022    .1606783
           grs |  -.5778222   .5372822    -1.08   0.282    -1.630876    .4752315
            pj |  -.3019015   .3328495    -0.91   0.364    -.9542744    .3504714
   road_more24 |   .2698956   .2594585     1.04   0.298    -.2386337    .7784248
           res |  -.0086149   .0124079    -0.69   0.487     -.032934    .0157042
            rx |   .0005635   .0017947     0.31   0.754     -.002954     .004081
          fuel |  -.0603635   .1521399    -0.40   0.692    -.3585522    .2378252
        aspect |  -.1597786   .1872798    -0.85   0.394    -.5268403    .2072832
         slope |   .0068276   .0142228     0.48   0.631    -.0210486    .0347038
      elevdiff |   .0006011   .0005435     1.11   0.269    -.0004642    .0016663
         lghtn |  -.0002369   .0002028    -1.17   0.243    -.0006344    .0001606
          wind |  -.0071449   .0119601    -0.60   0.550    -.0305863    .0162965
        zoning |   .4683983   .1858397     2.52   0.012     .1041592    .8326374
          time |   .2218851   .1679861     1.32   0.187    -.1073617    .5511318
     unhealthy |  -.2486075   .2556365    -0.97   0.331    -.7496458    .2524308
         _cons |  -1.446358   1.333314    -1.08   0.278    -4.059607     1.16689
--------------------------------------------------------------------------------

. mfx

Marginal effects after probit
      y  = Pr(iz_spend) (predict)
         =  .32671064
------------------------------------------------------------------------------
variable |      dy/dx    Std. Err.     z    P>|z|  [    95% C.I.   ]      X
---------+--------------------------------------------------------------------
fire_r~k |   .1430586      .10922    1.31   0.190  -.071009  .357126   .343829
efficacy |   .0584497      .10291    0.57   0.570  -.143246  .260145   .495791
    hhvl |   .0204791      .02559    0.80   0.424  -.029675  .070633   11.2198
 own_yrs |  -.0028416      .00281   -1.01   0.312  -.008356  .002673   15.5657
 agehome |   .0016326      .00335    0.49   0.626  -.004931  .008196   22.2424
house_~r |   .0005712       .0022    0.26   0.795  -.003732  .004874   30.6818
land_a~r |   .0002241      .00226    0.10   0.921  -.004204  .004652   31.5657
 private |   .0012208       .0014    0.87   0.383   -.00152  .003962   31.1237
     lot |    .002695      .00236    1.14   0.254  -.001938  .007329   5.07802
risk_t~e |   1.084221       .7306    1.48   0.138  -.347731  2.51617   .223896
  income |  -2.68e-07      .00000   -0.60   0.551  -1.1e-06  6.1e-07    103667
own_more*|   .0134892      .05546    0.24   0.808  -.095218  .122196   .424242
   brush*|  -.1284596      .09504   -1.35   0.177  -.314742  .057823   .540404
     grs*|  -.1786171      .13494   -1.32   0.186  -.443089  .085855   .058081
      pj*|  -.1032814      .10711   -0.96   0.335  -.313212  .106649   .166667
road_~24*|   .0931189      .08504    1.10   0.274  -.073554  .259792   .818182
     res |  -.0031073      .00448   -0.69   0.488  -.011881  .005666   9.15404
      rx |   .0002032      .00065    0.31   0.754  -.001066  .001472   21.9545
    fuel |  -.0217723      .05488   -0.40   0.692  -.129342  .085797    3.5138
  aspect*|  -.0562683      .06421   -0.88   0.381  -.182115  .069579   .194444
   slope |   .0024626      .00513    0.48   0.631  -.007592  .012517   6.49783
elevdiff |   .0002168       .0002    1.11   0.269  -.000167  .000601   9.37372
   lghtn |  -.0000855      .00007   -1.17   0.242  -.000229  .000058   963.826
    wind |  -.0025771      .00432   -0.60   0.550  -.011035  .005881   30.7702
  zoning*|    .177594      .07252    2.45   0.014    .03545  .319738   .164141
    time*|   .0819066      .06324    1.30   0.195  -.042038  .205851   .232323
unheal~y*|  -.0851013      .08235   -1.03   0.301  -.246503    .0763   .093434
------------------------------------------------------------------------------
(*) dy/dx is for discrete change of dummy variable from 0 to 1

. probit iz_work fire_risk efficacy hhvl own_yrs agehome house_attr land_attr private lot risk_tolerance income own_more brush gr
> s pj road_more24 res rx fuel aspect slope elevdiff lghtn wind zoning time unhealthy

Iteration 0:   log likelihood = -231.67144  
Iteration 1:   log likelihood = -205.32567  
Iteration 2:   log likelihood = -204.44511  
Iteration 3:   log likelihood = -204.43389  
Iteration 4:   log likelihood = -204.43389  

Probit regression                               Number of obs     =        389
                                                LR chi2(27)       =      54.48
                                                Prob > chi2       =     0.0013
Log likelihood = -204.43389                     Pseudo R2         =     0.1176

--------------------------------------------------------------------------------
       iz_work |      Coef.   Std. Err.      z    P>|z|     [95% Conf. Interval]
---------------+----------------------------------------------------------------
     fire_risk |   1.280066   .3455985     3.70   0.000     .6027054    1.957427
      efficacy |   .3064257     .30952     0.99   0.322    -.3002223    .9130738
          hhvl |   .0044393   .0730519     0.06   0.952    -.1387399    .1476184
       own_yrs |  -.0072056   .0081104    -0.89   0.374    -.0231015    .0086904
       agehome |   .0171281    .009773     1.75   0.080    -.0020267    .0362829
    house_attr |   -.001985   .0070265    -0.28   0.778    -.0157566    .0117866
     land_attr |  -.0042896     .00726    -0.59   0.555    -.0185189    .0099398
       private |   .0013004   .0042719     0.30   0.761    -.0070722    .0096731
           lot |   .0174039    .010722     1.62   0.105    -.0036108    .0384186
risk_tolerance |  -2.059303   2.163819    -0.95   0.341     -6.30031    2.181704
        income |  -9.45e-07   1.41e-06    -0.67   0.503    -3.71e-06    1.82e-06
      own_more |  -.1851122   .1642969    -1.13   0.260    -.5071282    .1369037
         brush |  -.7069696   .3272047    -2.16   0.031    -1.348279   -.0656602
           grs |  -.6085718     .55967    -1.09   0.277    -1.705505    .4883613
            pj |  -.6191876    .388506    -1.59   0.111    -1.380645    .1422703
   road_more24 |   .0779042   .2959434     0.26   0.792    -.5021343    .6579426
           res |   .0042082   .0129552     0.32   0.745    -.0211836       .0296
            rx |  -.0031296   .0022786    -1.37   0.170    -.0075956    .0013364
          fuel |   .1834155   .1748541     1.05   0.294    -.1592922    .5261233
        aspect |  -.1449592   .1860563    -0.78   0.436    -.5096227    .2197044
         slope |   .0023231   .0153712     0.15   0.880     -.027804    .0324502
      elevdiff |   .0009378   .0005989     1.57   0.117    -.0002361    .0021117
         lghtn |  -.0004285   .0001998    -2.14   0.032      -.00082   -.0000369
          wind |   .0362245   .0142134     2.55   0.011     .0083667    .0640823
        zoning |   .0489593   .2085111     0.23   0.814     -.359715    .4576335
          time |  -.0797935   .1773371    -0.45   0.653    -.4273679    .2677808
     unhealthy |   .0270036   .2514268     0.11   0.914    -.4657839    .5197911
         _cons |  -.3680755   1.448896    -0.25   0.799     -3.20786    2.471709
--------------------------------------------------------------------------------

. mfx

Marginal effects after probit
      y  = Pr(iz_work) (predict)
         =  .75197872
------------------------------------------------------------------------------
variable |      dy/dx    Std. Err.     z    P>|z|  [    95% C.I.   ]      X
---------+--------------------------------------------------------------------
fire_r~k |   .4050587      .10828    3.74   0.000   .192828   .61729   .349132
efficacy |   .0969641      .09792    0.99   0.322  -.094958  .288886   .491217
    hhvl |   .0014047      .02312    0.06   0.952  -.043902  .046712   11.2244
 own_yrs |  -.0022801      .00257   -0.89   0.375  -.007314  .002753   15.4756
 agehome |   .0054199      .00309    1.76   0.079  -.000632  .011472   22.1774
house_~r |  -.0006281      .00222   -0.28   0.778  -.004986  .003729   30.9126
land_a~r |  -.0013574       .0023   -0.59   0.554  -.005858  .003143   31.5553
 private |   .0004115      .00135    0.30   0.761  -.002237   .00306   31.2339
     lot |   .0055072      .00335    1.64   0.100  -.001064  .012078   5.18229
risk_t~e |  -.6516372      .68456   -0.95   0.341  -1.99336  .690081   .223833
  income |  -2.99e-07      .00000   -0.67   0.502  -1.2e-06  5.7e-07    104652
own_more*|  -.0590672      .05272   -1.12   0.263  -.162387  .044253   .426735
   brush*|  -.2165715      .09516   -2.28   0.023  -.403087 -.030056   .544987
     grs*|  -.2201663      .21865   -1.01   0.314  -.648715  .208383   .059126
      pj*|  -.2180064      .14593   -1.49   0.135  -.504026  .068013   .167095
road_~24*|   .0250622      .09667    0.26   0.795  -.164413  .214538   .820051
     res |   .0013316       .0041    0.32   0.745  -.006701  .009364   9.22622
      rx |  -.0009903      .00072   -1.37   0.169  -.002402  .000421   21.3907
    fuel |   .0580392      .05532    1.05   0.294  -.050391   .16647   3.50454
  aspect*|  -.0471882      .06212   -0.76   0.447  -.168937   .07456   .197943
   slope |   .0007351      .00486    0.15   0.880  -.008798  .010269   6.57386
elevdiff |   .0002968      .00019    1.57   0.116  -.000073  .000667   7.05051
   lghtn |  -.0001356      .00006   -2.15   0.032  -.000259 -.000012   971.856
    wind |   .0114627      .00446    2.57   0.010   .002721  .020204   30.7815
  zoning*|   .0153147      .06445    0.24   0.812  -.110997  .141627   .159383
    time*|  -.0256179      .05771   -0.44   0.657  -.138731  .087495   .226221
unheal~y*|   .0084809      .07836    0.11   0.914  -.145104  .162065   .095116
------------------------------------------------------------------------------
(*) dy/dx is for discrete change of dummy variable from 0 to 1

. probit oz_spend fire_risk efficacy hhvl own_yrs agehome house_attr land_attr private lot risk_tolerance income own_more brush g
> rs pj road_more24 res rx fuel aspect slope elevdiff lghtn wind zoning time unhealthy

Iteration 0:   log likelihood = -227.40014  
Iteration 1:   log likelihood = -209.95588  
Iteration 2:   log likelihood = -209.82722  
Iteration 3:   log likelihood = -209.82699  
Iteration 4:   log likelihood = -209.82699  

Probit regression                               Number of obs     =        394
                                                LR chi2(27)       =      35.15
                                                Prob > chi2       =     0.1352
Log likelihood = -209.82699                     Pseudo R2         =     0.0773

--------------------------------------------------------------------------------
      oz_spend |      Coef.   Std. Err.      z    P>|z|     [95% Conf. Interval]
---------------+----------------------------------------------------------------
     fire_risk |   .6442703   .3113638     2.07   0.039     .0340084    1.254532
      efficacy |   .2817095   .2990853     0.94   0.346     -.304487    .8679059
          hhvl |  -.0038162   .0737488    -0.05   0.959    -.1483612    .1407289
       own_yrs |    .005863   .0085101     0.69   0.491    -.0108165    .0225425
       agehome |  -.0102652   .0100051    -1.03   0.305    -.0298749    .0093444
    house_attr |   -.004731   .0060891    -0.78   0.437    -.0166653    .0072034
     land_attr |    .003314   .0062267     0.53   0.595    -.0088901     .015518
       private |   .0041922   .0040728     1.03   0.303    -.0037903    .0121748
           lot |   .0084289   .0066817     1.26   0.207    -.0046669    .0215248
risk_tolerance |  -1.053382    2.15179    -0.49   0.624    -5.270812    3.164048
        income |  -5.72e-07   1.29e-06    -0.44   0.658    -3.10e-06    1.96e-06
      own_more |   .1124987   .1598506     0.70   0.482    -.2008028    .4258002
         brush |  -.3146323   .2741121    -1.15   0.251    -.8518821    .2226176
           grs |  -.5362041    .541259    -0.99   0.322    -1.597052    .5246441
            pj |  -.0118598   .3476665    -0.03   0.973    -.6932737     .669554
   road_more24 |  -.0927976   .2570773    -0.36   0.718    -.5966598    .4110646
           res |  -.0014306   .0133781    -0.11   0.915    -.0276512      .02479
            rx |   .0003566   .0018409     0.19   0.846    -.0032516    .0039648
          fuel |  -.1979927     .15793    -1.25   0.210    -.5075299    .1115445
        aspect |  -.3932216   .2032844    -1.93   0.053    -.7916518    .0052086
         slope |   .0058319   .0149124     0.39   0.696    -.0233958    .0350597
      elevdiff |   .0002458   .0005668     0.43   0.665    -.0008652    .0013567
         lghtn |  -.0003557    .000225    -1.58   0.114    -.0007968    .0000853
          wind |  -.0104062   .0126535    -0.82   0.411    -.0352066    .0143941
        zoning |   .3802085   .1922735     1.98   0.048     .0033593    .7570576
          time |   .2335515   .1735865     1.35   0.178    -.1066719    .5737749
     unhealthy |  -.1974994   .2718259    -0.73   0.467    -.7302684    .3352695
         _cons |   .8432877   1.362229     0.62   0.536    -1.826632    3.513207
--------------------------------------------------------------------------------

. mfx

Marginal effects after probit
      y  = Pr(oz_spend) (predict)
         =  .24773782
------------------------------------------------------------------------------
variable |      dy/dx    Std. Err.     z    P>|z|  [    95% C.I.   ]      X
---------+--------------------------------------------------------------------
fire_r~k |   .2037458       .0984    2.07   0.038   .010885  .396606   .346804
efficacy |   .0890886      .09461    0.94   0.346  -.096353   .27453    .48953
    hhvl |  -.0012068      .02332   -0.05   0.959  -.046918  .044505    11.236
 own_yrs |   .0018541      .00269    0.69   0.491  -.003419  .007127   15.3959
 agehome |  -.0032463      .00316   -1.03   0.305  -.009444  .002951    22.184
house_~r |  -.0014961      .00193   -0.78   0.437   -.00527  .002278   30.8376
land_a~r |    .001048      .00197    0.53   0.595  -.002812  .004908   31.4721
 private |   .0013258      .00129    1.03   0.303  -.001196  .003848   30.4569
     lot |   .0026656      .00212    1.26   0.208  -.001488  .006819   5.27606
risk_t~e |  -.3331244      .68038   -0.49   0.624  -1.66664  1.00039    .22433
  income |  -1.81e-07      .00000   -0.44   0.658  -9.8e-07  6.2e-07    104593
own_more*|   .0357873      .05111    0.70   0.484  -.064392  .135966   .418782
   brush*|  -.1000807      .08752   -1.14   0.253  -.271626  .071465   .538071
     grs*|  -.1400345      .11096   -1.26   0.207  -.357516  .077447   .058376
      pj*|  -.0037405      .10936   -0.03   0.973  -.218076  .210595   .167513
road_~24*|  -.0299131      .08436   -0.35   0.723  -.195248  .135422   .812183
     res |  -.0004524      .00423   -0.11   0.915  -.008745   .00784    9.1066
      rx |   .0001128      .00058    0.19   0.846  -.001028  .001254   23.3401
    fuel |  -.0626138       .0499   -1.25   0.210  -.160415  .035187   3.52183
  aspect*|  -.1134338      .05253   -2.16   0.031  -.216388 -.010479   .192893
   slope |   .0018443      .00472    0.39   0.696  -.007402  .011091   6.53812
elevdiff |   .0000777      .00018    0.43   0.665  -.000274  .000429   7.48059
   lghtn |  -.0001125      .00007   -1.59   0.113  -.000252  .000027   965.835
    wind |  -.0032909        .004   -0.82   0.410  -.011127  .004546   31.0254
  zoning*|   .1298169       .0697    1.86   0.063  -.006798  .266432   .154822
    time*|   .0768311      .05904    1.30   0.193  -.038885  .192547   .230964
unheal~y*|  -.0588824      .07591   -0.78   0.438  -.207671  .089907   .091371
------------------------------------------------------------------------------
(*) dy/dx is for discrete change of dummy variable from 0 to 1

. probit oz_work fire_risk efficacy hhvl own_yrs agehome house_attr land_attr private lot risk_tolerance income own_more brush gr
> s pj road_more24 res rx fuel aspect slope elevdiff lghtn wind zoning time unhealthy

Iteration 0:   log likelihood = -258.34137  
Iteration 1:   log likelihood = -228.79852  
Iteration 2:   log likelihood = -228.18249  
Iteration 3:   log likelihood = -228.17811  
Iteration 4:   log likelihood = -228.17811  

Probit regression                               Number of obs     =        386
                                                LR chi2(27)       =      60.33
                                                Prob > chi2       =     0.0002
Log likelihood = -228.17811                     Pseudo R2         =     0.1168

--------------------------------------------------------------------------------
       oz_work |      Coef.   Std. Err.      z    P>|z|     [95% Conf. Interval]
---------------+----------------------------------------------------------------
     fire_risk |   1.227943    .318204     3.86   0.000     .6042749    1.851612
      efficacy |   .0909098   .2932734     0.31   0.757    -.4838956    .6657152
          hhvl |  -.0715793   .0703445    -1.02   0.309    -.2094521    .0662935
       own_yrs |   .0037847   .0079095     0.48   0.632    -.0117176     .019287
       agehome |  -.0046184   .0093968    -0.49   0.623    -.0230358     .013799
    house_attr |    .000036   .0058544     0.01   0.995    -.0114384    .0115105
     land_attr |  -.0057484   .0059787    -0.96   0.336    -.0174664    .0059696
       private |   .0042809   .0040506     1.06   0.291    -.0036582      .01222
           lot |   .0177869   .0092303     1.93   0.054    -.0003041    .0358779
risk_tolerance |  -4.511579   2.063182    -2.19   0.029    -8.555343   -.4678161
        income |  -1.64e-06   1.30e-06    -1.26   0.208    -4.19e-06    9.13e-07
      own_more |  -.0920647   .1557376    -0.59   0.554    -.3973048    .2131755
         brush |  -.3956991   .2897845    -1.37   0.172    -.9636664    .1722681
           grs |  -.5105504   .5312413    -0.96   0.337    -1.551764    .5306635
            pj |   .2594036    .339655     0.76   0.445     -.406308    .9251152
   road_more24 |   .2938009   .2606714     1.13   0.260    -.2171056    .8047074
           res |   .0197801   .0125731     1.57   0.116    -.0048629     .044423
            rx |  -.0010126   .0017312    -0.58   0.559    -.0044057    .0023806
          fuel |  -.1185126   .1500038    -0.79   0.429    -.4125147    .1754896
        aspect |  -.2412749    .179888    -1.34   0.180    -.5938489    .1112992
         slope |  -.0066854   .0147925    -0.45   0.651    -.0356783    .0223074
      elevdiff |   .0004068   .0005613     0.72   0.469    -.0006933    .0015069
         lghtn |  -.0004003   .0001963    -2.04   0.041    -.0007851   -.0000156
          wind |   .0074793   .0115524     0.65   0.517     -.015163    .0301215
        zoning |  -.1930314   .1983803    -0.97   0.331    -.5818497    .1957868
          time |  -.1864161   .1657932    -1.12   0.261    -.5113648    .1385326
     unhealthy |  -.3725174   .2421783    -1.54   0.124    -.8471783    .1021434
         _cons |    2.45138   1.360627     1.80   0.072    -.2153999     5.11816
--------------------------------------------------------------------------------

. mfx

Marginal effects after probit
      y  = Pr(oz_work) (predict)
         =  .62960026
------------------------------------------------------------------------------
variable |      dy/dx    Std. Err.     z    P>|z|  [    95% C.I.   ]      X
---------+--------------------------------------------------------------------
fire_r~k |    .463796      .11987    3.87   0.000   .228851  .698741    .34796
efficacy |   .0343368      .11077    0.31   0.757   -.18276  .251434   .491149
    hhvl |  -.0270356      .02657   -1.02   0.309  -.079102  .025031   11.2221
 own_yrs |   .0014295      .00299    0.48   0.632  -.004424  .007283   15.4611
 agehome |  -.0017444      .00355   -0.49   0.623    -.0087  .005212   22.3355
house_~r |   .0000136      .00221    0.01   0.995   -.00432  .004348   30.6995
land_a~r |  -.0021712      .00226   -0.96   0.336  -.006595  .002253   31.4119
 private |   .0016169      .00153    1.06   0.290   -.00138  .004614   30.5052
     lot |   .0067181      .00347    1.94   0.053  -.000076  .013512    5.3423
risk_t~e |   -1.70403      .77956   -2.19   0.029  -3.23194 -.176117   .223946
  income |  -6.19e-07      .00000   -1.26   0.208  -1.6e-06  3.4e-07    105407
own_more*|  -.0348461      .05904   -0.59   0.555  -.150571  .080879   .419689
   brush*|  -.1478826      .10638   -1.39   0.164  -.356386   .06062   .536269
     grs*|  -.2004134      .20886   -0.96   0.337   -.60978  .208954   .056995
      pj*|   .0946575      .11901    0.80   0.426  -.138591  .327906   .168394
road_~24*|   .1135119      .10211    1.11   0.266  -.086623  .313647   .810881
     res |    .007471      .00475    1.57   0.116  -.001833  .016775   9.20466
      rx |  -.0003825      .00065   -0.59   0.559  -.001664  .000899   23.5855
    fuel |  -.0447624      .05663   -0.79   0.429  -.155759  .066234   3.52979
  aspect*|  -.0929165      .07023   -1.32   0.186  -.230571  .044738   .194301
   slope |  -.0025251      .00559   -0.45   0.651  -.013478  .008428   6.59091
elevdiff |   .0001536      .00021    0.72   0.468  -.000262  .000569   4.37032
   lghtn |  -.0001512      .00007   -2.04   0.041  -.000296 -6.0e-06   962.503
    wind |   .0028249      .00436    0.65   0.517  -.005724  .011374   31.0466
  zoning*|  -.0742875      .07749   -0.96   0.338  -.226156  .077581   .147668
    time*|  -.0713844      .06418   -1.11   0.266  -.197185  .054416   .235751
unheal~y*|  -.1454295      .09604   -1.51   0.130  -.333668  .042809   .093264
------------------------------------------------------------------------------
(*) dy/dx is for discrete change of dummy variable from 0 to 1

. 
end of do-file

. log close
      name:  <unnamed>
       log:  \\files\users\asisante\Desktop\nonMICE_IJWF_Analysis.log
  log type:  text
 closed on:  16 Sep 2018, 17:07:03
---------------------------------------------------------------------------------------------------------------------------------
